<?xml version="1.0" encoding="UTF-8"?>
<testsuite xmlns:xsi="http://www.w3.org/2001/XMLSchema-instance" xsi:noNamespaceSchemaLocation="https://maven.apache.org/surefire/maven-surefire-plugin/xsd/surefire-test-report.xsd" name="com.stu.AppTest" time="0.145" tests="1" errors="0" skipped="0" failures="0">
  <properties>
    <property name="sun.desktop" value="windows"/>
    <property name="awt.toolkit" value="sun.awt.windows.WToolkit"/>
    <property name="file.encoding.pkg" value="sun.io"/>
    <property name="java.specification.version" value="1.8"/>
    <property name="sun.cpu.isalist" value="amd64"/>
    <property name="sun.jnu.encoding" value="GBK"/>
    <property name="java.class.path" value="F:\maven_set\pro\stuent\target\test-classes;F:\maven_set\pro\stuent\target\classes;F:\maven_set\repository\junit\junit\4.11\junit-4.11.jar;F:\maven_set\repository\org\hamcrest\hamcrest-core\1.3\hamcrest-core-1.3.jar;"/>
    <property name="java.vm.vendor" value="Oracle Corporation"/>
    <property name="sun.arch.data.model" value="64"/>
    <property name="user.variant" value=""/>
    <property name="java.vendor.url" value="http://java.oracle.com/"/>
    <property name="user.timezone" value="Asia/Shanghai"/>
    <property name="java.vm.specification.version" value="1.8"/>
    <property name="os.name" value="Windows 10"/>
    <property name="user.country" value="CN"/>
    <property name="sun.java.launcher" value="SUN_STANDARD"/>
    <property name="sun.boot.library.path" value="F:\jdk1.8.0_181\jre\bin"/>
    <property name="sun.java.command" value="C:\Users\传承中~1\AppData\Local\Temp\surefire1005103504419932313\surefirebooter3703062254903066658.jar C:\Users\传承中国文化\AppData\Local\Temp\surefire1005103504419932313 2019-10-15T12-54-16_974-jvmRun1 surefire1234425251255635876tmp surefire_08006061118219347132tmp"/>
    <property name="surefire.test.class.path" value="F:\maven_set\pro\stuent\target\test-classes;F:\maven_set\pro\stuent\target\classes;F:\maven_set\repository\junit\junit\4.11\junit-4.11.jar;F:\maven_set\repository\org\hamcrest\hamcrest-core\1.3\hamcrest-core-1.3.jar;"/>
    <property name="sun.cpu.endian" value="little"/>
    <property name="user.home" value="C:\Users\传承中国文化"/>
    <property name="user.language" value="zh"/>
    <property name="java.specification.vendor" value="Oracle Corporation"/>
    <property name="java.home" value="F:\jdk1.8.0_181\jre"/>
    <property name="basedir" value="F:\maven_set\pro\stuent"/>
    <property name="file.separator" value="\"/>
    <property name="line.separator" value="&#10;"/>
    <property name="java.vm.specification.vendor" value="Oracle Corporation"/>
    <property name="java.specification.name" value="Java Platform API Specification"/>
    <property name="java.awt.graphicsenv" value="sun.awt.Win32GraphicsEnvironment"/>
    <property name="surefire.real.class.path" value="C:\Users\传承中~1\AppData\Local\Temp\surefire1005103504419932313\surefirebooter3703062254903066658.jar"/>
    <property name="sun.boot.class.path" value="F:\jdk1.8.0_181\jre\lib\resources.jar;F:\jdk1.8.0_181\jre\lib\rt.jar;F:\jdk1.8.0_181\jre\lib\sunrsasign.jar;F:\jdk1.8.0_181\jre\lib\jsse.jar;F:\jdk1.8.0_181\jre\lib\jce.jar;F:\jdk1.8.0_181\jre\lib\charsets.jar;F:\jdk1.8.0_181\jre\lib\jfr.jar;F:\jdk1.8.0_181\jre\classes"/>
    <property name="user.script" value=""/>
    <property name="sun.management.compiler" value="HotSpot 64-Bit Tiered Compilers"/>
    <property name="java.runtime.version" value="1.8.0_181-b13"/>
    <property name="user.name" value="传承中国文化"/>
    <property name="path.separator" value=";"/>
    <property name="os.version" value="10.0"/>
    <property name="java.endorsed.dirs" value="F:\jdk1.8.0_181\jre\lib\endorsed"/>
    <property name="java.runtime.name" value="Java(TM) SE Runtime Environment"/>
    <property name="file.encoding" value="GBK"/>
    <property name="java.vm.name" value="Java HotSpot(TM) 64-Bit Server VM"/>
    <property name="localRepository" value="F:\maven_set\repository"/>
    <property name="java.vendor.url.bug" value="http://bugreport.sun.com/bugreport/"/>
    <property name="java.io.tmpdir" value="C:\Users\传承中~1\AppData\Local\Temp\"/>
    <property name="java.version" value="1.8.0_181"/>
    <property name="user.dir" value="F:\maven_set\pro\stuent"/>
    <property name="os.arch" value="amd64"/>
    <property name="java.vm.specification.name" value="Java Virtual Machine Specification"/>
    <property name="java.awt.printerjob" value="sun.awt.windows.WPrinterJob"/>
    <property name="sun.os.patch.level" value=""/>
    <property name="java.library.path" value="F:\jdk1.8.0_181\jre\bin;C:\WINDOWS\Sun\Java\bin;C:\WINDOWS\system32;C:\WINDOWS;D:\xshell\;D:\cun\;C:\Program Files (x86)\Common Files\Oracle\Java\javapath;C:\WINDOWS\system32;C:\WINDOWS;C:\WINDOWS\System32\Wbem;C:\WINDOWS\System32\WindowsPowerShell\v1.0\;C:\WINDOWS\System32\OpenSSH\;C:\Program Files\Intel\WiFi\bin\;C:\Program Files\Common Files\Intel\WirelessCommon\;F:\pyton3.6.6\Lib\site-packages\Django-2.0.9-py3.6.egg;F:\pyton3.6.6\Scripts;F:\pyton3.6.6\Lib\site-packages\Django-2.0.9-py3.6.egg\EGG-INFO\scripts;F:\mysql-8.0.13-winx64\bin;D:\djangolizi\ceshi;F:\Yarn\bin\;F:\nodejs\;F:\apache-tomcat-8.5.37\bin;F:\pyton3.6.6\Scripts\;F:\pyton3.6.6\;C:\Users\传承中国文化\AppData\Local\Microsoft\WindowsApps;C:\Program Files\Intel\WiFi\bin\;C:\Program Files\Common Files\Intel\WirelessCommon\;F:\pyton3.6.6\Lib;C:\Users\传承中国文化\AppData\Local\Yarn\bin;C:\Users\传承中国文化\AppData\Roaming\npm;F:\apache-tomcat-8.5.37\bin;F:\maven_set\apache-maven-3.6.2\bin;;."/>
    <property name="java.vm.info" value="mixed mode"/>
    <property name="java.vendor" value="Oracle Corporation"/>
    <property name="java.vm.version" value="25.181-b13"/>
    <property name="java.ext.dirs" value="F:\jdk1.8.0_181\jre\lib\ext;C:\WINDOWS\Sun\Java\lib\ext"/>
    <property name="sun.io.unicode.encoding" value="UnicodeLittle"/>
    <property name="java.class.version" value="52.0"/>
  </properties>
  <testcase name="shouldAnswerWithTrue" classname="com.stu.AppTest" time="0.002"/>
</testsuite>